<?xml version="1.0" encoding="UTF-8"?>
<!-- Generated by org.testng.reporters.JUnitReportReporter -->
<testsuite hostname="bhagyak" failures="0" tests="1" name="testcases.HomeTest" time="1.024" errors="0" timestamp="2024-12-10T10:03:04 IST" skipped="0">
  <testcase classname="testcases.HomeTest" name="BankManagerTest" time="1.024"/>
</testsuite> <!-- testcases.HomeTest -->
