<?xml version="1.0" encoding="UTF-8"?>
<!-- Generated by org.testng.reporters.JUnitReportReporter -->
<testsuite hostname="bhagyak" failures="0" tests="3" name="testcases.OpenAccount" time="1.771" errors="0" timestamp="2024-12-10T10:03:04 IST" skipped="0">
  <testcase classname="testcases.OpenAccount" name="openAccountTest" time="0.904"/>
  <testcase classname="testcases.OpenAccount" name="openAccountTest" time="0.425"/>
  <testcase classname="testcases.OpenAccount" name="openAccountTest" time="0.442"/>
</testsuite> <!-- testcases.OpenAccount -->
