<?xml version="1.0" encoding="UTF-8"?>
<!-- Generated by org.testng.reporters.JUnitReportReporter -->
<testsuite hostname="bhagyak" failures="0" tests="3" name="testcases.FBUserReg" time="21.885" errors="0" timestamp="2024-12-06T10:28:42 IST" skipped="0">
  <testcase classname="testcases.FBUserReg" name="doUserReg" time="7.333"/>
  <testcase classname="testcases.FBUserReg" name="doUserReg" time="7.186"/>
  <testcase classname="testcases.FBUserReg" name="doUserReg" time="7.366"/>
</testsuite> <!-- testcases.FBUserReg -->
