<?xml version="1.0" encoding="UTF-8"?>
<!-- Generated by org.testng.reporters.JUnitReportReporter -->
<testsuite hostname="bhagyak" failures="0" tests="5" name="testcases.FBLogin" time="42.998" errors="0" timestamp="2024-12-06T10:28:42 IST" skipped="0">
  <testcase classname="testcases.FBLogin" name="doLogin" time="8.270"/>
  <testcase classname="testcases.FBLogin" name="doLogin" time="10.240"/>
  <testcase classname="testcases.FBLogin" name="doLogin" time="8.410"/>
  <testcase classname="testcases.FBLogin" name="doLogin" time="8.432"/>
  <testcase classname="testcases.FBLogin" name="doLogin" time="7.646"/>
</testsuite> <!-- testcases.FBLogin -->
