<?xml version="1.0" encoding="UTF-8"?>
<!-- Generated by org.testng.reporters.JUnitReportReporter -->
<testsuite hostname="bhagyak" failures="0" tests="3" name="testcases.addCustomerTest" time="2.531" errors="0" timestamp="2024-12-10T10:03:04 IST" skipped="0">
  <testcase classname="testcases.addCustomerTest" name="addCustomer" time="0.701"/>
  <testcase classname="testcases.addCustomerTest" name="addCustomer" time="1.059"/>
  <testcase classname="testcases.addCustomerTest" name="addCustomer" time="0.771"/>
</testsuite> <!-- testcases.addCustomerTest -->
